<?xml version="1.0" encoding="UTF-8"?>
<testsuite xmlns:xsi="http://www.w3.org/2001/XMLSchema-instance" xsi:noNamespaceSchemaLocation="https://maven.apache.org/surefire/maven-surefire-plugin/xsd/surefire-test-report-3.0.xsd" version="3.0" name="test.NewEmptyJUnitTest" time="0.175" tests="4" errors="0" skipped="0" failures="0">
  <properties>
[...]
</properties>
  <testcase name="comprobar_tamanio_al_insertar_dos_colegios_en_array_con_misma_pk" classname="test.NewEmptyJUnitTest" time="0.125">
    <system-out><![CDATA[Comienzo del Documento XML
	 Caracteres: 752 
	Fin Elemento: cod_colegio 
	 Caracteres: Rodr 
	Fin Elemento: nombre 
	 Caracteres: Ronda 
	Fin Elemento: direccion 
	 Caracteres: true 
	Fin Elemento: esPublico 
	 Caracteres: true 
	Fin Elemento: tieneFP 
	Fin Elemento: colegio 
	Fin Elemento: Colegios 
Final del Documento XML
Comienzo del Documento XML
	 Caracteres: 752 
	Fin Elemento: cod_colegio 
	 Caracteres: Rodr 
	Fin Elemento: nombre 
	 Caracteres: Ronda 
	Fin Elemento: direccion 
	 Caracteres: true 
	Fin Elemento: esPublico 
	 Caracteres: true 
	Fin Elemento: tieneFP 
	Fin Elemento: colegio 
	Fin Elemento: Colegios 
Final del Documento XML
]]></system-out>
    <system-err><![CDATA[Error: java.lang.IndexOutOfBoundsException: Index 1 out of bounds for length 1
Error: java.lang.IndexOutOfBoundsException: Index 1 out of bounds for length 1
]]></system-err>
  </testcase>
  <testcase name="comprobar_tamanio_al_insertar_colegio_en_fichero" classname="test.NewEmptyJUnitTest" time="0.009">
    <system-out><![CDATA[Comienzo del Documento XML
	 Caracteres: 752 
	Fin Elemento: cod_colegio 
	 Caracteres: perez 
	Fin Elemento: nombre 
	 Caracteres: Ronda 
	Fin Elemento: direccion 
	 Caracteres: true 
	Fin Elemento: esPublico 
	 Caracteres: true 
	Fin Elemento: tieneFP 
	Fin Elemento: colegio 
	Fin Elemento: Colegios 
Final del Documento XML
]]></system-out>
    <system-err><![CDATA[Error: java.lang.IndexOutOfBoundsException: Index 1 out of bounds for length 1
]]></system-err>
  </testcase>
  <testcase name="comprobar_modificar_1_colegio" classname="test.NewEmptyJUnitTest" time="0.012">
    <system-out><![CDATA[Comienzo del Documento XML
	 Caracteres: 37 
	Fin Elemento: cod_colegio 
	 Caracteres: Rodr 
	Fin Elemento: nombre 
	 Caracteres: Ronda 
	Fin Elemento: direccion 
	 Caracteres: true 
	Fin Elemento: esPublico 
	 Caracteres: true 
	Fin Elemento: tieneFP 
	Fin Elemento: colegio 
	Fin Elemento: Colegios 
Final del Documento XML
]]></system-out>
    <system-err><![CDATA[Error: java.lang.IndexOutOfBoundsException: Index 1 out of bounds for length 1
]]></system-err>
  </testcase>
  <testcase name="comprobar_eliminar_1_colegio" classname="test.NewEmptyJUnitTest" time="0.005">
    <system-out><![CDATA[Comienzo del Documento XML
	 Caracteres: 37 
	Fin Elemento: cod_colegio 
	 Caracteres: Rodr 
	Fin Elemento: nombre 
	 Caracteres: Ronda 
	Fin Elemento: direccion 
	 Caracteres: true 
	Fin Elemento: esPublico 
	 Caracteres: true 
	Fin Elemento: tieneFP 
	Fin Elemento: colegio 
	Fin Elemento: Colegios 
Final del Documento XML
]]></system-out>
    <system-err><![CDATA[Error: java.lang.IndexOutOfBoundsException: Index 1 out of bounds for length 1
]]></system-err>
  </testcase>
</testsuite>